13832: 19:18:13.488 - ---
13832: 19:18:13.488 - Service: "Photon Socket Server" starting
13832: 19:18:13.488 - Config File: C:\Users\Administrator\Desktop\GraduationProject\Git\Photon-OnPremise-Server-SDK_v4-0-29-11263\deploy\bin_Win64\PhotonServer.config
13832: 19:18:13.489 - Will produce at most: 10 crash dumps
13832: 19:18:13.489 - Action: run as exe
13832: 19:18:13.490 - Server Starting...
13832: 19:18:13.490 -    Tick count: 23293187 (wraps in: 49.4407 days)
13832: 19:18:13.490 - Tick count 64: 23293187
13832: 19:18:13.490 - Photon Version: 4.0.28.2962
13832: 19:18:13.490 - PID: 13656
13832: 19:18:13.490 - Config File: C:\Users\Administrator\Desktop\GraduationProject\Git\Photon-OnPremise-Server-SDK_v4-0-29-11263\deploy\bin_Win64\PhotonServer.config
13832: 19:18:13.490 - Will NOT log unimportant exceptions
13832: 19:18:13.491 - Not using performance counters as they are not currently installed. Run the service with /InstallCounters to install them.
13832: 19:18:13.491 - Shutdown timeout enabled: 30000ms
13832: 19:18:13.491 - Starting I/O thread pool with 2 threads
13832: 19:18:13.492 - Using Standard allocator
13832: 19:18:13.492 - Max message size: 512000
13832: 19:18:13.492 - Starting business logic thread pool with the following settings
13832: 19:18:13.492 - InitialThreads: 4 threads
13832: 19:18:13.492 - MinThreads: 4 threads
13832: 19:18:13.492 - Thread pool is fixed size
13832: 19:18:13.492 - Starting ENet thread pool with the following settings
13832: 19:18:13.492 - InitialThreads: 2 threads
13832: 19:18:13.492 - MinThreads: 2 threads
13832: 19:18:13.492 - Thread pool is fixed size
13832: 19:18:13.492 - OnlyDispatchTimers: False
13832: 19:18:13.492 - S2S: flow control: Max pending writes: 50
13832: 19:18:13.492 - S2S: flow control: Max queued buffers: 200
13832: 19:18:13.492 - S2S: flow control: Max pending writes MUX: 500
13832: 19:18:13.492 - S2S: flow control: Max queued buffers MUX: 2000
13832: 19:18:13.492 - S2S: MaxInboundMessageSize: 512000
13832: 19:18:13.492 - S2S: MaxOutboundMessageSize: 512000
13832: 19:18:13.492 - S2S: No inactivity timeout
13832: 19:18:13.494 - WebSocket S2S: MaxInboundMessageSize: 512000
13832: 19:18:13.494 - WebSocket S2S: MaxOutboundMessageSize: 512000
13832: 19:18:13.494 - WebSocket S2S: No inactivity timeout
13832: 19:18:13.494 - Max Reliable Data In Transit (awaiting ACKs) per peer : 51200 bytes
13832: 19:18:13.494 - Per peer bandwidth limit
13832: 19:18:13.494 - Transmit Rate Limit: 256 KB/Sec
13832: 19:18:13.494 - Limit period: 200ms
13832: 19:18:13.494 - Limit per period: 52428 bytes
13832: 19:18:13.494 - Max queued data for transmission per peer: 512000 bytes
13832: 19:18:13.494 - Minimum retransmit timeout: 200
13832: 19:18:13.494 - No Maximum retransmit timeout
13832: 19:18:13.494 - Minimum ENet timeout: 5000ms
13832: 19:18:13.494 - Maximum ENet timeout: 30000ms
13832: 19:18:13.494 - Max Inbound Reliable Data Queued (awaiting resends of earlier sequence numbers) per peer : 163840 bytes
13832: 19:18:13.494 - No RTT ACK adjustment timeout
13832: 19:18:13.494 - Outbound ENet: MaxInboundMessageSize: 512000
13832: 19:18:13.494 - Outbound ENet: MaxOutboundMessageSize: 512000
13832: 19:18:13.495 - GetRuntime - About to load CLR - versions available:
13832: 19:18:13.495 - v2.0.50727
13832: 19:18:13.495 - v4.0.30319
13832: 19:18:13.495 - Configuration requests: "v2.0.50727"
13832: 19:18:13.495 - About to load version: "v2.0.50727"
13832: 19:18:13.500 - About to load runtime: PhotonHostRuntime.PhotonDomainManager from PhotonHostRuntime, Culture=neutral, PublicKeyToken=02C301B61B060C4D
13832: 19:18:13.500 - CLRBaseDirectory set to "C:\Users\Administrator\Desktop\GraduationProject\Git\Photon-OnPremise-Server-SDK_v4-0-29-11263\deploy"
13832: 19:18:13.500 - Optimising event broadcast for 20 or more peers
13832: 19:18:13.500 - Start: About to load CLR - versions available:
13832: 19:18:13.500 - v2.0.50727
13832: 19:18:13.500 - v4.0.30319
13832: 19:18:13.500 - No preference in configuration file, will load latest.
13832: 19:18:13.500 - About to load version: "v4.0.30319"
13832: 19:18:13.501 - Loaded version: "v4.0.30319"
13832: 19:18:13.603 - Photon host runtime loaded
13832: 19:18:16.853 - License is valid.
13832: 19:18:16.853 - Licensed for 100 concurrent connections.
13832: 19:18:16.853 - ENet: Max Reliable Data In Transit (awaiting ACKs) per peer : 51200 bytes
13832: 19:18:16.853 - ENet: Per peer bandwidth limit
13832: 19:18:16.853 - ENet: Transmit Rate Limit: 256 KB/Sec
13832: 19:18:16.853 - ENet: Limit period: 200ms
13832: 19:18:16.853 - ENet: Limit per period: 52428 bytes
13832: 19:18:16.853 - ENet: Max queued data for transmission per peer: 512000 bytes
13832: 19:18:16.853 - ENet: Minimum retransmit timeout: 200
13832: 19:18:16.853 - No Maximum retransmit timeout
13832: 19:18:16.853 - ENet: Minimum timeout: 5000ms
13832: 19:18:16.853 - ENet: Maximum timeout: 30000ms
13832: 19:18:16.853 - ENet: Max Inbound Reliable Data Queued (awaiting resends of earlier sequence numbers) per peer : 163840 bytes
13832: 19:18:16.853 - No RTT ACK adjustment timeout
13832: 19:18:16.853 - About to load application: MMoDemo from Photon.MmoDemo.Server
13832: 19:18:16.853 - Auto restart is enabled for application, existing connections will be terminated during restart
13832: 19:18:16.853 - Application will restart 1000ms after the last change detected
13832: 19:18:16.853 - Application will restart if files matching the following are changed: "dll;config"
13832: 19:18:16.853 - Application will NOT restart if files matching the following are changed: "log4net.config"
13832: 19:18:16.893 - CService::OnException() - Exception: CManagedHost::CreateApplicationInNewAppDomain() - Failed to create new application domain for : "MMoDemo" - Can't find Photon.MmoDemo.Server.dll in  or C:\Users\Administrator\Desktop\GraduationProject\Git\Photon-OnPremise-Server-SDK_v4-0-29-11263\deploy\MmoDemo\bin
13832: 19:18:16.893 - Server shutting down...
13832: 19:18:16.893 - Shutdown monitoring enabled, 30000ms before process abort
13832: 19:18:16.893 - Notifying CLR applications of shutdown...
13832: 19:18:16.893 - RequestStop: defalt app domain
13832: 19:18:16.893 - Shutting down WebSocket Outbound Connection Manager...
13832: 19:18:16.893 - Shutting down TCP Outbound Connection Manager...
13832: 19:18:16.893 - Shutting down ENet Outbound Connection Manager...
13832: 19:18:16.893 - Disconnecting all outbound peers...
13832: 19:18:16.893 - Shutting down ENet host...
13832: 19:18:16.893 - Disconnecting all peers...
13832: 19:18:16.893 - Shutting down socket servers...
13832: 19:18:16.893 - Shutting down ENet thread pool...
13832: 19:18:16.893 - Shutting down TCP inactivity timers...
13832: 19:18:16.893 - Shutting down CLR applications...
13832: 19:18:16.893 - Shutting down business logic thread pool...
13832: 19:18:16.893 - Shutting down I/O thread pool...
13832: 19:18:16.893 - Destroying servers
13832: 19:18:16.893 - Destroying WebSocket Outbound Connection Manager
13832: 19:18:16.893 - Destroying TCP Outbound Connection Manager
13832: 19:18:16.893 - Destroying TCP inactivity timer
13832: 19:18:16.893 - Destroying ENet timer wheel
13832: 19:18:16.893 - Destroying ENet host
13832: 19:18:16.893 - Destroying ENet outbound host
13832: 19:18:16.893 - Destroying HTTP inactivity timer
13832: 19:18:16.893 - Destroying HTTP host
13832: 19:18:16.893 - Destroying HTTP Chunk host
13832: 19:18:16.893 - Flushing ENET buffer allocator...
13832: 19:18:16.893 - Flushing TCP buffer handle allocator...
13832: 19:18:16.893 - Flushing stream socket allocator...
13832: 19:18:16.893 - Flushing inbound datagram socket allocator...
13832: 19:18:16.893 - Flushing outbound datagram socket allocator...
13832: 19:18:16.893 - Destroying CLR dispatcher
13832: 19:18:16.893 - Destroying CLR applications
13832: 19:18:16.893 - ~CCLRApplicationCollection() - Waiting up to 10 seconds for the CLR to release all of our objects
13832: 19:18:16.893 - ~CCLRApplicationCollection() - Done. All objects released
13832: 19:18:16.893 - ~CManagedHost() - Release default app domain
13832: 19:18:16.893 - CManagedHost::OnDomainUnload() - 1
13832: 19:18:16.893 - ~CManagedHost() - Waiting up to 10 seconds for CLR shutdown...
13832: 19:18:16.893 - ~CManagedHost
13832: 19:18:16.893 - Destroying ENet thread pool
13832: 19:18:16.893 - Destroying Business logic thread pool
13832: 19:18:16.893 - Destroying I/O thread pool
13832: 19:18:16.893 - Destroying ENet buffer allocator
13832: 19:18:16.893 - Destroying TCP buffer allocator
13832: 19:18:16.893 - Destroying TCP socket allocator
13832: 19:18:16.893 - Destroying ENet inbound socket allocator
13832: 19:18:16.893 - Destroying ENet outbound socket allocator
13832: 19:18:16.893 - Destroying shared datagram flow control data
13832: 19:18:16.893 - Shutdown complete...
13832: 19:18:16.893 - Service shutting down
13832: 19:18:16.893 - Service shut down complete
