2017-06-29 11:47:45,536 [ 1] INFO  PhotonHostRuntime.PhotonDomainManager - Initialize: ApplicationName = 'DefaultDomain', DomainID = '1'
2017-06-29 11:47:45,547 [ 1] INFO  PhotonHostRuntime.PhotonDomainManager - AppDomains with unhandled exceptions are usually not unloaded and restarted.
2017-06-29 11:47:45,548 [ 1] INFO  PhotonHostRuntime.PhotonDomainManager - Getting license information:
2017-06-29 11:47:45,790 [ 1] INFO  PhotonHostRuntime.PhotonLicensing - LICENSE: Type:Standard; Plan:Free; Expiration: never; floating license: yes; max connections: 100; valid IPs: any; status:Licensed
2017-06-29 11:47:46,932 [ 1] INFO  PhotonHostRuntime.PhotonDomainManager - CreateAppDomain: name = 'SP' , assemblyName = 'SPServer'
2017-06-29 11:47:46,935 [ 1] INFO  PhotonHostRuntime.PhotonDomainManager -   ApplicationBase = 'C:\Users\Administrator\Desktop\GraduationProject\Photon-OnPremise-Server-SDK_v4-0-29-11263\deploy'
2017-06-29 11:47:46,935 [ 1] INFO  PhotonHostRuntime.PhotonDomainManager -   PrivateBinPath = 'C:\Users\Administrator\Desktop\GraduationProject\Photon-OnPremise-Server-SDK_v4-0-29-11263\deploy\SP\bin;bin_Win64;Shared;'
2017-06-29 11:47:46,935 [ 1] INFO  PhotonHostRuntime.PhotonDomainManager -   ConfigurationFile = ''
2017-06-29 11:47:46,936 [ 1] INFO  PhotonHostRuntime.PhotonDomainManager -   CachePath = 'C:\Users\Administrator\Desktop\GraduationProject\Photon-OnPremise-Server-SDK_v4-0-29-11263\deploy\SP\bin\Cache'
2017-06-29 11:47:46,990 [ 1] INFO  PhotonHostRuntime.PhotonDomainManager -   ApplicationPath = 'C:\Users\Administrator\Desktop\GraduationProject\Photon-OnPremise-Server-SDK_v4-0-29-11263\deploy\SP'
2017-06-29 11:47:46,991 [ 1] INFO  PhotonHostRuntime.PhotonDomainManager -   BinaryPath = 'C:\Users\Administrator\Desktop\GraduationProject\Photon-OnPremise-Server-SDK_v4-0-29-11263\deploy\SP\bin'
2017-06-29 11:47:46,991 [ 1] INFO  PhotonHostRuntime.PhotonDomainManager -   ApplicationRootPath = 'C:\Users\Administrator\Desktop\GraduationProject\Photon-OnPremise-Server-SDK_v4-0-29-11263\deploy'
2017-06-29 11:47:46,992 [ 1] INFO  PhotonHostRuntime.PhotonDomainManager -   UnmanagedLogPath = 'C:\Users\Administrator\Desktop\GraduationProject\Photon-OnPremise-Server-SDK_v4-0-29-11263\deploy\bin_Win64\log'
2017-06-29 11:47:47,002 [ 1] INFO  PhotonHostRuntime.PhotonDomainManager - AssemblyLoadEvent: SPServer, Version=1.0.0.0, Culture=neutral, PublicKeyToken=null from file:///C:/Users/Administrator/Desktop/GraduationProject/Photon-OnPremise-Server-SDK_v4-0-29-11263/deploy/SP/bin/SPServer.DLL
2017-06-29 11:47:47,002 [ 1] INFO  PhotonHostRuntime.PhotonDomainManager - Photon SDK:4.0.28.11245
2017-06-29 11:47:47,011 [ 1] INFO  PhotonHostRuntime.PhotonDomainManager - AssemblyLoadEvent: Photon.SocketServer, Version=4.0.28.11245, Culture=neutral, PublicKeyToken=48c2fa3b6988090e from file:///C:/Users/Administrator/Desktop/GraduationProject/Photon-OnPremise-Server-SDK_v4-0-29-11263/deploy/SP/bin/Photon.SocketServer.DLL
2017-06-29 11:47:47,020 [ 1] INFO  PhotonHostRuntime.PhotonDomainManager - AssemblyLoadEvent: ExitGamesLibs, Version=1.0.4.0, Culture=neutral, PublicKeyToken=eac0edd9746a4aa0 from file:///C:/Users/Administrator/Desktop/GraduationProject/Photon-OnPremise-Server-SDK_v4-0-29-11263/deploy/SP/bin/ExitGamesLibs.DLL
2017-06-29 11:47:47,023 [ 1] INFO  PhotonHostRuntime.PhotonDomainManager - Starting: name = 'SP', assemblyName = 'SPServer', typeName = 'SPServer.SPApplication'
2017-06-29 11:47:47,024 [ 1] INFO  PhotonHostRuntime.PhotonDomainManager - CreateAppDomain: name = 'CounterPublisher' , assemblyName = 'CounterPublisher'
2017-06-29 11:47:47,025 [ 1] INFO  PhotonHostRuntime.PhotonDomainManager -   ApplicationBase = 'C:\Users\Administrator\Desktop\GraduationProject\Photon-OnPremise-Server-SDK_v4-0-29-11263\deploy'
2017-06-29 11:47:47,025 [ 1] INFO  PhotonHostRuntime.PhotonDomainManager -   PrivateBinPath = 'C:\Users\Administrator\Desktop\GraduationProject\Photon-OnPremise-Server-SDK_v4-0-29-11263\deploy\CounterPublisher\bin;bin_Win64;Shared;'
2017-06-29 11:47:47,025 [ 1] INFO  PhotonHostRuntime.PhotonDomainManager -   ConfigurationFile = 'C:\Users\Administrator\Desktop\GraduationProject\Photon-OnPremise-Server-SDK_v4-0-29-11263\deploy\CounterPublisher\bin\CounterPublisher.dll.config'
2017-06-29 11:47:47,026 [ 1] INFO  PhotonHostRuntime.PhotonDomainManager -   CachePath = 'C:\Users\Administrator\Desktop\GraduationProject\Photon-OnPremise-Server-SDK_v4-0-29-11263\deploy\CounterPublisher\bin\Cache'
2017-06-29 11:47:47,071 [ 1] INFO  PhotonHostRuntime.PhotonDomainManager -   ApplicationPath = 'C:\Users\Administrator\Desktop\GraduationProject\Photon-OnPremise-Server-SDK_v4-0-29-11263\deploy\CounterPublisher'
2017-06-29 11:47:47,072 [ 1] INFO  PhotonHostRuntime.PhotonDomainManager -   BinaryPath = 'C:\Users\Administrator\Desktop\GraduationProject\Photon-OnPremise-Server-SDK_v4-0-29-11263\deploy\CounterPublisher\bin'
2017-06-29 11:47:47,072 [ 1] INFO  PhotonHostRuntime.PhotonDomainManager -   ApplicationRootPath = 'C:\Users\Administrator\Desktop\GraduationProject\Photon-OnPremise-Server-SDK_v4-0-29-11263\deploy'
2017-06-29 11:47:47,072 [ 1] INFO  PhotonHostRuntime.PhotonDomainManager -   UnmanagedLogPath = 'C:\Users\Administrator\Desktop\GraduationProject\Photon-OnPremise-Server-SDK_v4-0-29-11263\deploy\bin_Win64\log'
2017-06-29 11:47:47,080 [ 1] INFO  PhotonHostRuntime.PhotonDomainManager - AssemblyLoadEvent: CounterPublisher, Version=4.0.28.11221, Culture=neutral, PublicKeyToken=null from file:///C:/Users/Administrator/Desktop/GraduationProject/Photon-OnPremise-Server-SDK_v4-0-29-11263/deploy/CounterPublisher/bin/CounterPublisher.DLL
2017-06-29 11:47:47,081 [ 1] INFO  PhotonHostRuntime.PhotonDomainManager - Photon SDK:4.0.28.11245
2017-06-29 11:47:47,091 [ 1] INFO  PhotonHostRuntime.PhotonDomainManager - AssemblyLoadEvent: Photon.SocketServer, Version=4.0.28.11245, Culture=neutral, PublicKeyToken=48c2fa3b6988090e from file:///C:/Users/Administrator/Desktop/GraduationProject/Photon-OnPremise-Server-SDK_v4-0-29-11263/deploy/CounterPublisher/bin/Photon.SocketServer.DLL
2017-06-29 11:47:47,100 [ 1] INFO  PhotonHostRuntime.PhotonDomainManager - AssemblyLoadEvent: ExitGamesLibs, Version=1.0.4.0, Culture=neutral, PublicKeyToken=eac0edd9746a4aa0 from file:///C:/Users/Administrator/Desktop/GraduationProject/Photon-OnPremise-Server-SDK_v4-0-29-11263/deploy/CounterPublisher/bin/ExitGamesLibs.DLL
2017-06-29 11:47:47,103 [ 1] INFO  PhotonHostRuntime.PhotonDomainManager - Starting: name = 'CounterPublisher', assemblyName = 'CounterPublisher', typeName = 'Photon.CounterPublisher.Application'
2017-06-29 11:47:47,118 [ 1] INFO  PhotonHostRuntime.PhotonDomainManager - PhotonRunning: ApplicationName = 'CounterPublisher', DomainId='3' -- calling Application.Setup
2017-06-29 11:47:47,126 [ 1] INFO  PhotonHostRuntime.PhotonDomainManager - AssemblyLoadEvent: ExitGames.Logging.Log4Net, Version=1.0.4.0, Culture=neutral, PublicKeyToken=eac0edd9746a4aa0 from file:///C:/Users/Administrator/Desktop/GraduationProject/Photon-OnPremise-Server-SDK_v4-0-29-11263/deploy/CounterPublisher/bin/ExitGames.Logging.Log4Net.DLL
2017-06-29 11:47:47,554 [ 1] INFO  PhotonHostRuntime.PhotonDomainManager - PhotonRunning: ApplicationName = 'SP', DomainId='2' -- calling Application.Setup
2017-06-29 11:47:47,561 [ 1] INFO  PhotonHostRuntime.PhotonDomainManager - PhotonRunning: ApplicationName = 'DefaultDomain', DomainId='1'
2017-06-29 11:51:45,071 [ 1] INFO  PhotonHostRuntime.PhotonDomainManager - RequestStop: ApplicationName = 'CounterPublisher', DomainId='3' -- calling Application.OnStopRequested()
2017-06-29 11:51:45,073 [ 1] INFO  PhotonHostRuntime.PhotonDomainManager - RequestStop: ApplicationName = 'SP', DomainId='2' -- calling Application.OnStopRequested()
2017-06-29 11:51:45,075 [ 1] INFO  PhotonHostRuntime.PhotonDomainManager - RequestStop: ApplicationName = 'DefaultDomain', DomainId='1'
2017-06-29 11:51:45,076 [ 1] INFO  PhotonHostRuntime.PhotonDomainManager - Stop: ApplicationName = 'CounterPublisher', DomainId='3' -- calling Application.TearDown()
2017-06-29 11:51:45,078 [ 1] INFO  PhotonHostRuntime.PhotonDomainManager - Stop: ApplicationName = 'SP', DomainId='2' -- calling Application.TearDown()
2017-06-29 11:52:31,528 [ 1] INFO  PhotonHostRuntime.PhotonDomainManager - Initialize: ApplicationName = 'DefaultDomain', DomainID = '1'
2017-06-29 11:52:31,538 [ 1] INFO  PhotonHostRuntime.PhotonDomainManager - AppDomains with unhandled exceptions are usually not unloaded and restarted.
2017-06-29 11:52:31,540 [ 1] INFO  PhotonHostRuntime.PhotonDomainManager - Getting license information:
2017-06-29 11:52:31,780 [ 1] INFO  PhotonHostRuntime.PhotonLicensing - LICENSE: Type:Standard; Plan:Free; Expiration: never; floating license: yes; max connections: 100; valid IPs: any; status:Licensed
2017-06-29 11:52:33,050 [ 1] INFO  PhotonHostRuntime.PhotonDomainManager - CreateAppDomain: name = 'SP' , assemblyName = 'SPServer'
2017-06-29 11:52:33,054 [ 1] INFO  PhotonHostRuntime.PhotonDomainManager -   ApplicationBase = 'C:\Users\Administrator\Desktop\GraduationProject\Photon-OnPremise-Server-SDK_v4-0-29-11263\deploy'
2017-06-29 11:52:33,055 [ 1] INFO  PhotonHostRuntime.PhotonDomainManager -   PrivateBinPath = 'C:\Users\Administrator\Desktop\GraduationProject\Photon-OnPremise-Server-SDK_v4-0-29-11263\deploy\SP\bin;bin_Win64;Shared;'
2017-06-29 11:52:33,056 [ 1] INFO  PhotonHostRuntime.PhotonDomainManager -   ConfigurationFile = ''
2017-06-29 11:52:33,058 [ 1] INFO  PhotonHostRuntime.PhotonDomainManager -   CachePath = 'C:\Users\Administrator\Desktop\GraduationProject\Photon-OnPremise-Server-SDK_v4-0-29-11263\deploy\SP\bin\Cache'
2017-06-29 11:52:33,119 [ 1] INFO  PhotonHostRuntime.PhotonDomainManager -   ApplicationPath = 'C:\Users\Administrator\Desktop\GraduationProject\Photon-OnPremise-Server-SDK_v4-0-29-11263\deploy\SP'
2017-06-29 11:52:33,119 [ 1] INFO  PhotonHostRuntime.PhotonDomainManager -   BinaryPath = 'C:\Users\Administrator\Desktop\GraduationProject\Photon-OnPremise-Server-SDK_v4-0-29-11263\deploy\SP\bin'
2017-06-29 11:52:33,119 [ 1] INFO  PhotonHostRuntime.PhotonDomainManager -   ApplicationRootPath = 'C:\Users\Administrator\Desktop\GraduationProject\Photon-OnPremise-Server-SDK_v4-0-29-11263\deploy'
2017-06-29 11:52:33,120 [ 1] INFO  PhotonHostRuntime.PhotonDomainManager -   UnmanagedLogPath = 'C:\Users\Administrator\Desktop\GraduationProject\Photon-OnPremise-Server-SDK_v4-0-29-11263\deploy\bin_Win64\log'
2017-06-29 11:52:33,131 [ 1] INFO  PhotonHostRuntime.PhotonDomainManager - AssemblyLoadEvent: SPServer, Version=1.0.0.0, Culture=neutral, PublicKeyToken=null from file:///C:/Users/Administrator/Desktop/GraduationProject/Photon-OnPremise-Server-SDK_v4-0-29-11263/deploy/SP/bin/SPServer.DLL
2017-06-29 11:52:33,132 [ 1] INFO  PhotonHostRuntime.PhotonDomainManager - Photon SDK:4.0.28.11245
2017-06-29 11:52:33,139 [ 1] INFO  PhotonHostRuntime.PhotonDomainManager - AssemblyLoadEvent: Photon.SocketServer, Version=4.0.28.11245, Culture=neutral, PublicKeyToken=48c2fa3b6988090e from file:///C:/Users/Administrator/Desktop/GraduationProject/Photon-OnPremise-Server-SDK_v4-0-29-11263/deploy/SP/bin/Photon.SocketServer.DLL
2017-06-29 11:52:33,147 [ 1] INFO  PhotonHostRuntime.PhotonDomainManager - AssemblyLoadEvent: ExitGamesLibs, Version=1.0.4.0, Culture=neutral, PublicKeyToken=eac0edd9746a4aa0 from file:///C:/Users/Administrator/Desktop/GraduationProject/Photon-OnPremise-Server-SDK_v4-0-29-11263/deploy/SP/bin/ExitGamesLibs.DLL
2017-06-29 11:52:33,152 [ 1] INFO  PhotonHostRuntime.PhotonDomainManager - Starting: name = 'SP', assemblyName = 'SPServer', typeName = 'SPServer.SPApplication'
2017-06-29 11:52:33,153 [ 1] INFO  PhotonHostRuntime.PhotonDomainManager - CreateAppDomain: name = 'CounterPublisher' , assemblyName = 'CounterPublisher'
2017-06-29 11:52:33,154 [ 1] INFO  PhotonHostRuntime.PhotonDomainManager -   ApplicationBase = 'C:\Users\Administrator\Desktop\GraduationProject\Photon-OnPremise-Server-SDK_v4-0-29-11263\deploy'
2017-06-29 11:52:33,154 [ 1] INFO  PhotonHostRuntime.PhotonDomainManager -   PrivateBinPath = 'C:\Users\Administrator\Desktop\GraduationProject\Photon-OnPremise-Server-SDK_v4-0-29-11263\deploy\CounterPublisher\bin;bin_Win64;Shared;'
2017-06-29 11:52:33,154 [ 1] INFO  PhotonHostRuntime.PhotonDomainManager -   ConfigurationFile = 'C:\Users\Administrator\Desktop\GraduationProject\Photon-OnPremise-Server-SDK_v4-0-29-11263\deploy\CounterPublisher\bin\CounterPublisher.dll.config'
2017-06-29 11:52:33,155 [ 1] INFO  PhotonHostRuntime.PhotonDomainManager -   CachePath = 'C:\Users\Administrator\Desktop\GraduationProject\Photon-OnPremise-Server-SDK_v4-0-29-11263\deploy\CounterPublisher\bin\Cache'
2017-06-29 11:52:33,198 [ 1] INFO  PhotonHostRuntime.PhotonDomainManager -   ApplicationPath = 'C:\Users\Administrator\Desktop\GraduationProject\Photon-OnPremise-Server-SDK_v4-0-29-11263\deploy\CounterPublisher'
2017-06-29 11:52:33,199 [ 1] INFO  PhotonHostRuntime.PhotonDomainManager -   BinaryPath = 'C:\Users\Administrator\Desktop\GraduationProject\Photon-OnPremise-Server-SDK_v4-0-29-11263\deploy\CounterPublisher\bin'
2017-06-29 11:52:33,199 [ 1] INFO  PhotonHostRuntime.PhotonDomainManager -   ApplicationRootPath = 'C:\Users\Administrator\Desktop\GraduationProject\Photon-OnPremise-Server-SDK_v4-0-29-11263\deploy'
2017-06-29 11:52:33,199 [ 1] INFO  PhotonHostRuntime.PhotonDomainManager -   UnmanagedLogPath = 'C:\Users\Administrator\Desktop\GraduationProject\Photon-OnPremise-Server-SDK_v4-0-29-11263\deploy\bin_Win64\log'
2017-06-29 11:52:33,208 [ 1] INFO  PhotonHostRuntime.PhotonDomainManager - AssemblyLoadEvent: CounterPublisher, Version=4.0.28.11221, Culture=neutral, PublicKeyToken=null from file:///C:/Users/Administrator/Desktop/GraduationProject/Photon-OnPremise-Server-SDK_v4-0-29-11263/deploy/CounterPublisher/bin/CounterPublisher.DLL
2017-06-29 11:52:33,209 [ 1] INFO  PhotonHostRuntime.PhotonDomainManager - Photon SDK:4.0.28.11245
2017-06-29 11:52:33,217 [ 1] INFO  PhotonHostRuntime.PhotonDomainManager - AssemblyLoadEvent: Photon.SocketServer, Version=4.0.28.11245, Culture=neutral, PublicKeyToken=48c2fa3b6988090e from file:///C:/Users/Administrator/Desktop/GraduationProject/Photon-OnPremise-Server-SDK_v4-0-29-11263/deploy/CounterPublisher/bin/Photon.SocketServer.DLL
2017-06-29 11:52:33,226 [ 1] INFO  PhotonHostRuntime.PhotonDomainManager - AssemblyLoadEvent: ExitGamesLibs, Version=1.0.4.0, Culture=neutral, PublicKeyToken=eac0edd9746a4aa0 from file:///C:/Users/Administrator/Desktop/GraduationProject/Photon-OnPremise-Server-SDK_v4-0-29-11263/deploy/CounterPublisher/bin/ExitGamesLibs.DLL
2017-06-29 11:52:33,229 [ 1] INFO  PhotonHostRuntime.PhotonDomainManager - Starting: name = 'CounterPublisher', assemblyName = 'CounterPublisher', typeName = 'Photon.CounterPublisher.Application'
2017-06-29 11:52:33,242 [ 1] INFO  PhotonHostRuntime.PhotonDomainManager - PhotonRunning: ApplicationName = 'CounterPublisher', DomainId='3' -- calling Application.Setup
2017-06-29 11:52:33,250 [ 1] INFO  PhotonHostRuntime.PhotonDomainManager - AssemblyLoadEvent: ExitGames.Logging.Log4Net, Version=1.0.4.0, Culture=neutral, PublicKeyToken=eac0edd9746a4aa0 from file:///C:/Users/Administrator/Desktop/GraduationProject/Photon-OnPremise-Server-SDK_v4-0-29-11263/deploy/CounterPublisher/bin/ExitGames.Logging.Log4Net.DLL
2017-06-29 11:52:33,923 [ 1] INFO  PhotonHostRuntime.PhotonDomainManager - PhotonRunning: ApplicationName = 'SP', DomainId='2' -- calling Application.Setup
2017-06-29 11:52:33,930 [ 1] INFO  PhotonHostRuntime.PhotonDomainManager - PhotonRunning: ApplicationName = 'DefaultDomain', DomainId='1'
2017-06-29 11:55:47,511 [ 1] INFO  PhotonHostRuntime.PhotonDomainManager - RequestStop: ApplicationName = 'CounterPublisher', DomainId='3' -- calling Application.OnStopRequested()
2017-06-29 11:55:47,511 [ 1] INFO  PhotonHostRuntime.PhotonDomainManager - RequestStop: ApplicationName = 'SP', DomainId='2' -- calling Application.OnStopRequested()
2017-06-29 11:55:47,511 [ 1] INFO  PhotonHostRuntime.PhotonDomainManager - RequestStop: ApplicationName = 'DefaultDomain', DomainId='1'
2017-06-29 11:55:47,511 [ 1] INFO  PhotonHostRuntime.PhotonDomainManager - Stop: ApplicationName = 'CounterPublisher', DomainId='3' -- calling Application.TearDown()
2017-06-29 11:55:47,511 [ 1] INFO  PhotonHostRuntime.PhotonDomainManager - Stop: ApplicationName = 'SP', DomainId='2' -- calling Application.TearDown()
2017-06-29 11:57:15,903 [ 1] INFO  PhotonHostRuntime.PhotonDomainManager - Initialize: ApplicationName = 'DefaultDomain', DomainID = '1'
2017-06-29 11:57:15,914 [ 1] INFO  PhotonHostRuntime.PhotonDomainManager - AppDomains with unhandled exceptions are usually not unloaded and restarted.
2017-06-29 11:57:15,916 [ 1] INFO  PhotonHostRuntime.PhotonDomainManager - Getting license information:
2017-06-29 11:57:16,162 [ 1] INFO  PhotonHostRuntime.PhotonLicensing - LICENSE: Type:Standard; Plan:Free; Expiration: never; floating license: yes; max connections: 100; valid IPs: any; status:Licensed
2017-06-29 11:57:17,292 [ 1] INFO  PhotonHostRuntime.PhotonDomainManager - CreateAppDomain: name = 'SP' , assemblyName = 'SPServer'
2017-06-29 11:57:17,292 [ 1] INFO  PhotonHostRuntime.PhotonDomainManager -   ApplicationBase = 'C:\Users\Administrator\Desktop\GraduationProject\Photon-OnPremise-Server-SDK_v4-0-29-11263\deploy'
2017-06-29 11:57:17,292 [ 1] INFO  PhotonHostRuntime.PhotonDomainManager -   PrivateBinPath = 'C:\Users\Administrator\Desktop\GraduationProject\Photon-OnPremise-Server-SDK_v4-0-29-11263\deploy\SP\bin;bin_Win64;Shared;'
2017-06-29 11:57:17,292 [ 1] INFO  PhotonHostRuntime.PhotonDomainManager -   ConfigurationFile = ''
2017-06-29 11:57:17,292 [ 1] INFO  PhotonHostRuntime.PhotonDomainManager -   CachePath = 'C:\Users\Administrator\Desktop\GraduationProject\Photon-OnPremise-Server-SDK_v4-0-29-11263\deploy\SP\bin\Cache'
2017-06-29 11:57:17,366 [ 1] INFO  PhotonHostRuntime.PhotonDomainManager -   ApplicationPath = 'C:\Users\Administrator\Desktop\GraduationProject\Photon-OnPremise-Server-SDK_v4-0-29-11263\deploy\SP'
2017-06-29 11:57:17,366 [ 1] INFO  PhotonHostRuntime.PhotonDomainManager -   BinaryPath = 'C:\Users\Administrator\Desktop\GraduationProject\Photon-OnPremise-Server-SDK_v4-0-29-11263\deploy\SP\bin'
2017-06-29 11:57:17,366 [ 1] INFO  PhotonHostRuntime.PhotonDomainManager -   ApplicationRootPath = 'C:\Users\Administrator\Desktop\GraduationProject\Photon-OnPremise-Server-SDK_v4-0-29-11263\deploy'
2017-06-29 11:57:17,367 [ 1] INFO  PhotonHostRuntime.PhotonDomainManager -   UnmanagedLogPath = 'C:\Users\Administrator\Desktop\GraduationProject\Photon-OnPremise-Server-SDK_v4-0-29-11263\deploy\bin_Win64\log'
2017-06-29 11:57:17,376 [ 1] INFO  PhotonHostRuntime.PhotonDomainManager - AssemblyLoadEvent: SPServer, Version=1.0.0.0, Culture=neutral, PublicKeyToken=null from file:///C:/Users/Administrator/Desktop/GraduationProject/Photon-OnPremise-Server-SDK_v4-0-29-11263/deploy/SP/bin/SPServer.DLL
2017-06-29 11:57:17,377 [ 1] INFO  PhotonHostRuntime.PhotonDomainManager - Photon SDK:4.0.28.11245
2017-06-29 11:57:17,386 [ 1] INFO  PhotonHostRuntime.PhotonDomainManager - AssemblyLoadEvent: Photon.SocketServer, Version=4.0.28.11245, Culture=neutral, PublicKeyToken=48c2fa3b6988090e from file:///C:/Users/Administrator/Desktop/GraduationProject/Photon-OnPremise-Server-SDK_v4-0-29-11263/deploy/SP/bin/Photon.SocketServer.DLL
2017-06-29 11:57:17,394 [ 1] INFO  PhotonHostRuntime.PhotonDomainManager - AssemblyLoadEvent: ExitGamesLibs, Version=1.0.4.0, Culture=neutral, PublicKeyToken=eac0edd9746a4aa0 from file:///C:/Users/Administrator/Desktop/GraduationProject/Photon-OnPremise-Server-SDK_v4-0-29-11263/deploy/SP/bin/ExitGamesLibs.DLL
2017-06-29 11:57:17,397 [ 1] INFO  PhotonHostRuntime.PhotonDomainManager - Starting: name = 'SP', assemblyName = 'SPServer', typeName = 'SPServer.SPApplication'
2017-06-29 11:57:17,397 [ 1] INFO  PhotonHostRuntime.PhotonDomainManager - CreateAppDomain: name = 'CounterPublisher' , assemblyName = 'CounterPublisher'
2017-06-29 11:57:17,398 [ 1] INFO  PhotonHostRuntime.PhotonDomainManager -   ApplicationBase = 'C:\Users\Administrator\Desktop\GraduationProject\Photon-OnPremise-Server-SDK_v4-0-29-11263\deploy'
2017-06-29 11:57:17,398 [ 1] INFO  PhotonHostRuntime.PhotonDomainManager -   PrivateBinPath = 'C:\Users\Administrator\Desktop\GraduationProject\Photon-OnPremise-Server-SDK_v4-0-29-11263\deploy\CounterPublisher\bin;bin_Win64;Shared;'
2017-06-29 11:57:17,398 [ 1] INFO  PhotonHostRuntime.PhotonDomainManager -   ConfigurationFile = 'C:\Users\Administrator\Desktop\GraduationProject\Photon-OnPremise-Server-SDK_v4-0-29-11263\deploy\CounterPublisher\bin\CounterPublisher.dll.config'
2017-06-29 11:57:17,399 [ 1] INFO  PhotonHostRuntime.PhotonDomainManager -   CachePath = 'C:\Users\Administrator\Desktop\GraduationProject\Photon-OnPremise-Server-SDK_v4-0-29-11263\deploy\CounterPublisher\bin\Cache'
2017-06-29 11:57:17,443 [ 1] INFO  PhotonHostRuntime.PhotonDomainManager -   ApplicationPath = 'C:\Users\Administrator\Desktop\GraduationProject\Photon-OnPremise-Server-SDK_v4-0-29-11263\deploy\CounterPublisher'
2017-06-29 11:57:17,443 [ 1] INFO  PhotonHostRuntime.PhotonDomainManager -   BinaryPath = 'C:\Users\Administrator\Desktop\GraduationProject\Photon-OnPremise-Server-SDK_v4-0-29-11263\deploy\CounterPublisher\bin'
2017-06-29 11:57:17,443 [ 1] INFO  PhotonHostRuntime.PhotonDomainManager -   ApplicationRootPath = 'C:\Users\Administrator\Desktop\GraduationProject\Photon-OnPremise-Server-SDK_v4-0-29-11263\deploy'
2017-06-29 11:57:17,444 [ 1] INFO  PhotonHostRuntime.PhotonDomainManager -   UnmanagedLogPath = 'C:\Users\Administrator\Desktop\GraduationProject\Photon-OnPremise-Server-SDK_v4-0-29-11263\deploy\bin_Win64\log'
2017-06-29 11:57:17,452 [ 1] INFO  PhotonHostRuntime.PhotonDomainManager - AssemblyLoadEvent: CounterPublisher, Version=4.0.28.11221, Culture=neutral, PublicKeyToken=null from file:///C:/Users/Administrator/Desktop/GraduationProject/Photon-OnPremise-Server-SDK_v4-0-29-11263/deploy/CounterPublisher/bin/CounterPublisher.DLL
2017-06-29 11:57:17,452 [ 1] INFO  PhotonHostRuntime.PhotonDomainManager - Photon SDK:4.0.28.11245
2017-06-29 11:57:17,460 [ 1] INFO  PhotonHostRuntime.PhotonDomainManager - AssemblyLoadEvent: Photon.SocketServer, Version=4.0.28.11245, Culture=neutral, PublicKeyToken=48c2fa3b6988090e from file:///C:/Users/Administrator/Desktop/GraduationProject/Photon-OnPremise-Server-SDK_v4-0-29-11263/deploy/CounterPublisher/bin/Photon.SocketServer.DLL
2017-06-29 11:57:17,468 [ 1] INFO  PhotonHostRuntime.PhotonDomainManager - AssemblyLoadEvent: ExitGamesLibs, Version=1.0.4.0, Culture=neutral, PublicKeyToken=eac0edd9746a4aa0 from file:///C:/Users/Administrator/Desktop/GraduationProject/Photon-OnPremise-Server-SDK_v4-0-29-11263/deploy/CounterPublisher/bin/ExitGamesLibs.DLL
2017-06-29 11:57:17,471 [ 1] INFO  PhotonHostRuntime.PhotonDomainManager - Starting: name = 'CounterPublisher', assemblyName = 'CounterPublisher', typeName = 'Photon.CounterPublisher.Application'
2017-06-29 11:57:17,472 [ 1] INFO  PhotonHostRuntime.PhotonDomainManager - PhotonRunning: ApplicationName = 'CounterPublisher', DomainId='3' -- calling Application.Setup
2017-06-29 11:57:17,488 [ 1] INFO  PhotonHostRuntime.PhotonDomainManager - AssemblyLoadEvent: ExitGames.Logging.Log4Net, Version=1.0.4.0, Culture=neutral, PublicKeyToken=eac0edd9746a4aa0 from file:///C:/Users/Administrator/Desktop/GraduationProject/Photon-OnPremise-Server-SDK_v4-0-29-11263/deploy/CounterPublisher/bin/ExitGames.Logging.Log4Net.DLL
2017-06-29 11:57:18,058 [ 1] INFO  PhotonHostRuntime.PhotonDomainManager - PhotonRunning: ApplicationName = 'SP', DomainId='2' -- calling Application.Setup
2017-06-29 11:57:18,062 [ 1] INFO  PhotonHostRuntime.PhotonDomainManager - PhotonRunning: ApplicationName = 'DefaultDomain', DomainId='1'
2017-06-29 12:49:25,949 [ 1] INFO  PhotonHostRuntime.PhotonDomainManager - RequestStop: ApplicationName = 'DefaultDomain', DomainId='1'
