9264: 11:51:45.073 - ---
9264: 11:51:45.073 - Service: "Photon Socket Server" starting
9264: 11:51:45.073 - Config File: C:\Users\Administrator\Desktop\GraduationProject\Photon-OnPremise-Server-SDK_v4-0-29-11263\deploy\bin_Win64\PhotonServer.config
9264: 11:51:45.075 - Will produce at most: 10 crash dumps
9264: 11:51:45.075 - Service shutting down
9264: 11:51:45.076 - Service shut down complete
2792: 11:55:47.511 - ---
2792: 11:55:47.511 - Service: "Photon Socket Server" starting
2792: 11:55:47.511 - Config File: C:\Users\Administrator\Desktop\GraduationProject\Photon-OnPremise-Server-SDK_v4-0-29-11263\deploy\bin_Win64\PhotonServer.config
2792: 11:55:47.511 - Will produce at most: 10 crash dumps
2792: 11:55:47.511 - Service shutting down
2792: 11:55:47.511 - Service shut down complete
3316: 12:49:25.938 - ---
3316: 12:49:25.938 - Service: "Photon Socket Server" starting
3316: 12:49:25.938 - Config File: C:\Users\Administrator\Desktop\GraduationProject\Photon-OnPremise-Server-SDK_v4-0-29-11263\deploy\bin_Win64\PhotonServer.config
3316: 12:49:25.941 - Will produce at most: 10 crash dumps
3316: 12:49:25.941 - Service shutting down
3316: 12:49:25.943 - Service shut down complete
10296: 13:46:35.641 - ---
10296: 13:46:35.641 - Service: "Photon Socket Server" starting
10296: 13:46:35.641 - Config File: C:\Users\Administrator\Desktop\GraduationProject\Git\Photon-OnPremise-Server-SDK_v4-0-29-11263\deploy\bin_Win64\PhotonServer.config
10296: 13:46:35.641 - Will produce at most: 10 crash dumps
10296: 13:46:35.641 - Service shutting down
10296: 13:46:35.641 - Service shut down complete
12856: 19:17:10.019 - ---
12856: 19:17:10.019 - Service: "Photon Socket Server" starting
12856: 19:17:10.020 - Config File: C:\Users\Administrator\Desktop\GraduationProject\Git\Photon-OnPremise-Server-SDK_v4-0-29-11263\deploy\bin_Win64\PhotonServer.config
12856: 19:17:10.023 - Will produce at most: 10 crash dumps
12856: 19:17:10.023 - Service shutting down
12856: 19:17:10.025 - Service shut down complete
7816: 19:44:14.782 - ---
7816: 19:44:14.782 - Service: "Photon Socket Server" starting
7816: 19:44:14.782 - Config File: C:\Users\Administrator\Desktop\GraduationProject\Git\Photon-OnPremise-Server-SDK_v4-0-29-11263\deploy\bin_Win64\PhotonServer.config
7816: 19:44:14.783 - Will produce at most: 10 crash dumps
7816: 19:44:14.783 - Service shutting down
7816: 19:44:14.784 - Service shut down complete
10476: 22:09:34.155 - ---
10476: 22:09:34.155 - Service: "Photon Socket Server" starting
10476: 22:09:34.155 - Config File: C:\Users\Administrator\Desktop\GraduationProject\Git\Photon-OnPremise-Server-SDK_v4-0-29-11263\deploy\bin_Win64\PhotonServer.config
10476: 22:09:34.156 - Will produce at most: 10 crash dumps
10476: 22:09:34.156 - Service shutting down
10476: 22:09:34.157 - Service shut down complete
14100: 22:46:20.667 - ---
14100: 22:46:20.667 - Service: "Photon Socket Server" starting
14100: 22:46:20.667 - Config File: C:\Users\Administrator\Desktop\GraduationProject\Git\Photon-OnPremise-Server-SDK_v4-0-29-11263\deploy\bin_Win64\PhotonServer.config
14100: 22:46:20.669 - Will produce at most: 10 crash dumps
14100: 22:46:20.669 - Service shutting down
14100: 22:46:20.670 - Service shut down complete
11416: 22:50:26.102 - ---
11416: 22:50:26.102 - Service: "Photon Socket Server" starting
11416: 22:50:26.102 - Config File: C:\Users\Administrator\Desktop\GraduationProject\Git\Photon-OnPremise-Server-SDK_v4-0-29-11263\deploy\bin_Win64\PhotonServer.config
11416: 22:50:26.103 - Will produce at most: 10 crash dumps
11416: 22:50:26.103 - Service shutting down
11416: 22:50:26.104 - Service shut down complete
14732: 22:54:45.100 - ---
14732: 22:54:45.100 - Service: "Photon Socket Server" starting
14732: 22:54:45.101 - Config File: C:\Users\Administrator\Desktop\GraduationProject\Git\Photon-OnPremise-Server-SDK_v4-0-29-11263\deploy\bin_Win64\PhotonServer.config
14732: 22:54:45.102 - Will produce at most: 10 crash dumps
14732: 22:54:45.102 - Service shutting down
14732: 22:54:45.103 - Service shut down complete
14820: 22:58:15.595 - ---
14820: 22:58:15.595 - Service: "Photon Socket Server" starting
14820: 22:58:15.595 - Config File: C:\Users\Administrator\Desktop\GraduationProject\Git\Photon-OnPremise-Server-SDK_v4-0-29-11263\deploy\bin_Win64\PhotonServer.config
14820: 22:58:15.595 - Will produce at most: 10 crash dumps
14820: 22:58:15.595 - Service shutting down
14820: 22:58:15.595 - Service shut down complete
8152: 23:00:24.895 - ---
8152: 23:00:24.895 - Service: "Photon Socket Server" starting
8152: 23:00:24.895 - Config File: C:\Users\Administrator\Desktop\GraduationProject\Git\Photon-OnPremise-Server-SDK_v4-0-29-11263\deploy\bin_Win64\PhotonServer.config
8152: 23:00:24.911 - Will produce at most: 10 crash dumps
8152: 23:00:24.911 - Service shutting down
8152: 23:00:24.912 - Service shut down complete
